<?xml version="1.0" encoding="UTF-8"?>
<testng-results ignored="0" total="1" passed="1" failed="0" skipped="0">
  <reporter-output>
  </reporter-output>
  <suite started-at="2020-12-17T22:16:53Z" name="Default suite" finished-at="2020-12-17T22:17:03Z" duration-ms="10415">
    <groups>
    </groups>
    <test started-at="2020-12-17T22:16:53Z" name="Default test" finished-at="2020-12-17T22:17:03Z" duration-ms="10415">
      <class name="testngTests.Test3">
        <test-method is-config="true" signature="init()[pri:0, instance:testngTests.Test3@7fc4780b]" started-at="2020-12-17T17:16:53Z" name="init" finished-at="2020-12-17T17:17:00Z" duration-ms="6983" status="PASS">
          <reporter-output>
          </reporter-output>
        </test-method> <!-- init -->
        <test-method signature="ValidateMonthDropDownHasAllMonths()[pri:0, instance:testngTests.Test3@7fc4780b]" started-at="2020-12-17T17:17:00Z" name="ValidateMonthDropDownHasAllMonths" finished-at="2020-12-17T17:17:00Z" duration-ms="386" status="PASS">
          <reporter-output>
          </reporter-output>
        </test-method> <!-- ValidateMonthDropDownHasAllMonths -->
        <test-method is-config="true" signature="Teardown()[pri:0, instance:testngTests.Test3@7fc4780b]" started-at="2020-12-17T17:17:00Z" name="Teardown" finished-at="2020-12-17T17:17:03Z" duration-ms="3012" status="PASS">
          <reporter-output>
          </reporter-output>
        </test-method> <!-- Teardown -->
      </class> <!-- testngTests.Test3 -->
    </test> <!-- Default test -->
  </suite> <!-- Default suite -->
</testng-results>
