<?xml version="1.0" encoding="UTF-8"?>
<testng-results ignored="0" total="1" passed="1" failed="0" skipped="0">
  <reporter-output>
  </reporter-output>
  <suite started-at="2020-12-17T19:43:56Z" name="Default suite" finished-at="2020-12-17T19:44:12Z" duration-ms="15335">
    <groups>
    </groups>
    <test started-at="2020-12-17T19:43:56Z" name="Default test" finished-at="2020-12-17T19:44:12Z" duration-ms="15335">
      <class name="testngTests.Test2">
        <test-method is-config="true" signature="init()[pri:0, instance:testngTests.Test2@7fc4780b]" started-at="2020-12-17T14:43:56Z" name="init" finished-at="2020-12-17T14:44:04Z" duration-ms="7351" status="PASS">
          <reporter-output>
          </reporter-output>
        </test-method> <!-- init -->
        <test-method signature="ValidateNoDuplicateCategoryAndMessageDisplayed()[pri:0, instance:testngTests.Test2@7fc4780b]" started-at="2020-12-17T14:44:04Z" name="ValidateNoDuplicateCategoryAndMessageDisplayed" finished-at="2020-12-17T14:44:09Z" duration-ms="4939" status="PASS">
          <reporter-output>
          </reporter-output>
        </test-method> <!-- ValidateNoDuplicateCategoryAndMessageDisplayed -->
        <test-method is-config="true" signature="Teardown()[pri:0, instance:testngTests.Test2@7fc4780b]" started-at="2020-12-17T14:44:09Z" name="Teardown" finished-at="2020-12-17T14:44:12Z" duration-ms="3013" status="PASS">
          <reporter-output>
          </reporter-output>
        </test-method> <!-- Teardown -->
      </class> <!-- testngTests.Test2 -->
    </test> <!-- Default test -->
  </suite> <!-- Default suite -->
</testng-results>
